The system is: Windows - 10.0.19042 - AMD64
Compiling the C compiler identification source file "CMakeCCompilerId.c" succeeded.
Compiler: C:/Program Files (x86)/Microsoft Visual Studio 12.0/VC/bin/cl.exe 
Build flags: 
Id flags:  

The output was:
0
Microsoft (R) C/C++ Optimizing Compiler Version 18.00.21005.1 for x86
Copyright (C) Microsoft Corporation.  All rights reserved.

CMakeCCompilerId.c
Microsoft (R) Incremental Linker Version 12.00.21005.1
Copyright (C) Microsoft Corporation.  All rights reserved.

/out:CMakeCCompilerId.exe 
CMakeCCompilerId.obj 


Compilation of the C compiler identification source "CMakeCCompilerId.c" produced "CMakeCCompilerId.exe"

Compilation of the C compiler identification source "CMakeCCompilerId.c" produced "CMakeCCompilerId.obj"

The C compiler identification is MSVC, found in "C:/Users/just_/CLionProjects/game/cmake-build-debug/CMakeFiles/3.19.2/CompilerIdC/CMakeCCompilerId.exe"

Detecting C compiler ABI info compiled with the following output:
Change Dir: C:/Users/just_/CLionProjects/game/cmake-build-debug/CMakeFiles/CMakeTmp

Run Build Command(s):nmake /nologo cmTC_a5e38\fast && 	"C:\Program Files (x86)\Microsoft Visual Studio 12.0\VC\BIN\nmake.exe"  -f CMakeFiles\cmTC_a5e38.dir\build.make /nologo -L                  CMakeFiles\cmTC_a5e38.dir\build
Building C object CMakeFiles/cmTC_a5e38.dir/CMakeCCompilerABI.c.obj
	C:\PROGRA~2\MICROS~1.0\VC\bin\cl.exe @C:\Users\just_\AppData\Local\Temp\nmDD10.tmp
CMakeCCompilerABI.c
Linking C executable cmTC_a5e38.exe
	C:\Users\just_\AppData\Local\JetBrains\Toolbox\apps\CLion\ch-0\211.7628.27\bin\cmake\win\bin\cmake.exe -E vs_link_exe --intdir=CMakeFiles\cmTC_a5e38.dir --rc=C:\PROGRA~2\WI3CF2~1\8.1\bin\x86\rc.exe --mt=C:\PROGRA~2\WI3CF2~1\8.1\bin\x86\mt.exe --manifests -- C:\PROGRA~2\MICROS~1.0\VC\bin\link.exe /nologo @CMakeFiles\cmTC_a5e38.dir\objects1.rsp @C:\Users\just_\AppData\Local\Temp\nmDF15.tmp



